<?xml version="1.0" encoding="UTF-8"?>
<testsuite xmlns:xsi="http://www.w3.org/2001/XMLSchema-instance" xsi:noNamespaceSchemaLocation="https://maven.apache.org/surefire/maven-surefire-plugin/xsd/surefire-test-report-3.0.xsd" version="3.0" name="task4.LoginFormTest" time="0.069" tests="14" errors="0" skipped="0" failures="0">
  <properties>
[...]
</properties>
  <testcase name="testAuthenticationWithEmptyUsernameThrowsException" classname="task4.LoginFormTest" time="0.023"/>
  <testcase name="testChangePasswordFailsWithIncorrectCurrentPassword" classname="task4.LoginFormTest" time="0.002"/>
  <testcase name="testAuthenticationWithEmptyCredentials" classname="task4.LoginFormTest" time="0.002"/>
  <testcase name="testChangePasswordSuccessfully" classname="task4.LoginFormTest" time="0.002"/>
  <testcase name="testAuthenticationFailsAfterAccountIsLocked" classname="task4.LoginFormTest" time="0.002"/>
  <testcase name="testChangePasswordForLockedAccount" classname="task4.LoginFormTest" time="0.001"/>
  <testcase name="inheritsFromRegistrationForm" classname="task4.LoginFormTest" time="0.001"/>
  <testcase name="defaultConstructorIsInherited" classname="task4.LoginFormTest" time="0.001"/>
  <testcase name="testSuccessfulAuthentication" classname="task4.LoginFormTest" time="0.002"/>
  <testcase name="testAuthenticationFailsWithIncorrectPassword" classname="task4.LoginFormTest" time="0.001"/>
  <testcase name="classIsPublic" classname="task4.LoginFormTest" time="0.001"/>
  <testcase name="testAccountLockoutAfterThreeFailedAttempts" classname="task4.LoginFormTest" time="0.001"/>
  <testcase name="testChangePasswordWithInvalidNewPassword" classname="task4.LoginFormTest" time="0.001"/>
  <testcase name="parameterizedConstructorIsInherited" classname="task4.LoginFormTest" time="0.001"/>
</testsuite>